Hour 0 : 0
Hour 1 : 0
Hour 2 : 0
Hour 3 : 0
Hour 4 : 0
Hour 5 : 0
Hour 6 : 0
Hour 7 : 0
Hour 8 : 0
Hour 9 : 0
Hour 10 : 0
Hour 11 : 0
Hour 12 : 0
Hour 13 : 0
Hour 14 : 0
Hour 15 : 0
Hour 16 : 0
Hour 17 : 0
Hour 18 : 0
Hour 19 : 0
Hour 20 : 0
Hour 21 : 0
Hour 22 : 0
Hour 23 : 0
Hour 24 : 0
Hour 25 : 0
Hour 26 : 0
Hour 27 : 0
Hour 28 : 0
Hour 29 : 0
Hour 30 : 0
Hour 31 : 0
Hour 32 : 0
Hour 33 : 0
Hour 34 : 0
Hour 35 : 0
Hour 36 : 0
Hour 37 : 0
Hour 38 : 0
Hour 39 : 0
Hour 40 : 0
Hour 41 : 0
Hour 42 : 0
Hour 43 : 0
Hour 44 : 0
Hour 45 : 0
Hour 46 : 0
Hour 47 : 0
Hour 48 : 0
Hour 49 : 0
Hour 50 : 0
Hour 51 : 0
Hour 52 : 0
Hour 53 : 0
Hour 54 : 0
Hour 55 : 0
Hour 56 : 0
Hour 57 : 0
Hour 58 : 0
Hour 59 : 0
Hour 60 : 0
Hour 61 : 0
Hour 62 : 0
Hour 63 : 0
Hour 64 : 0
Hour 65 : 0
Hour 66 : 0
Hour 67 : 0
Hour 68 : 0
Hour 69 : 0
Hour 70 : 0
Hour 71 : 0
Hour 72 : 0
Hour 73 : 0
Hour 74 : 0
Hour 75 : 0
Hour 76 : 0
Hour 77 : 0
Hour 78 : 0
Hour 79 : 0
Hour 80 : 0
Hour 81 : 0
Hour 82 : 0
Hour 83 : 0
Hour 84 : 0
Hour 85 : 0
Hour 86 : 0
Hour 87 : 0
Hour 88 : 0
Hour 89 : 0
Hour 90 : 0
Hour 91 : 0
Hour 92 : 0
Hour 93 : 0
Hour 94 : 0
Hour 95 : 0
Hour 96 : 0
Hour 97 : 0
Hour 98 : 0
Hour 99 : 0
Hour 100 : 0
Hour 101 : 0
Hour 102 : 0
Hour 103 : 0
Hour 104 : 0
Hour 105 : 0
Hour 106 : 0
Hour 107 : 0
Hour 108 : 0
Hour 109 : 0
Hour 110 : 0
Hour 111 : 0
Hour 112 : 0
Hour 113 : 0
Hour 114 : 0
Hour 115 : 0
Hour 116 : 0
Hour 117 : 0
Hour 118 : 0
Hour 119 : 0
Hour 120 : 0
Hour 121 : 0
Hour 122 : 0
Hour 123 : 0
Hour 124 : 0
Hour 125 : 0
Hour 126 : 0
Hour 127 : 0
Hour 128 : 0
Hour 129 : 0
Hour 130 : 0
Hour 131 : 0
Hour 132 : 0
Hour 0 : 0
Hour 1 : 0
Hour 2 : 0
Hour 3 : 0
Hour 4 : 0
Hour 5 : 0
Hour 6 : 0
Hour 7 : 0
Hour 8 : 0
Hour 9 : 0
Hour 10 : 0
Hour 11 : 0
Hour 12 : 0
Hour 13 : 0
Hour 14 : 0
Hour 15 : 0
Hour 16 : 0
Hour 17 : 0
Hour 18 : 0
Hour 19 : 0
Hour 20 : 0
Hour 21 : 0
Hour 22 : 0
Hour 23 : 0
Hour 24 : 0
Hour 25 : 0
Hour 26 : 0
Hour 27 : 0
Hour 28 : 0
Hour 29 : 0
Hour 30 : 0
Hour 31 : 0
Hour 32 : 0
Hour 33 : 0
Hour 34 : 0
Hour 35 : 0
Hour 36 : 0
Hour 37 : 0
Hour 38 : 0
Hour 39 : 0
Hour 40 : 0
Hour 41 : 0
Hour 42 : 0
Hour 43 : 0
Hour 44 : 0
Hour 45 : 0
Hour 46 : 0
Hour 47 : 0
Hour 48 : 0
Hour 49 : 0
Hour 50 : 0
Hour 51 : 0
Hour 52 : 0
Hour 53 : 0
Hour 54 : 0
Hour 55 : 0
Hour 56 : 0
Hour 57 : 0
Hour 58 : 0
Hour 59 : 0
Hour 60 : 0
Hour 61 : 0
Hour 62 : 0
Hour 63 : 0
Hour 64 : 0
Hour 65 : 0
Hour 66 : 0
Hour 67 : 0
Hour 68 : 0
Hour 69 : 0
Hour 70 : 0
Hour 71 : 0
Hour 72 : 0
Hour 73 : 0
Hour 74 : 0
Hour 75 : 0
Hour 76 : 0
Hour 77 : 0
Hour 78 : 0
Hour 79 : 0
Hour 80 : 0
Hour 81 : 0
Hour 82 : 0
Hour 83 : 0
Hour 84 : 0
Hour 85 : 0
Hour 86 : 0
Hour 87 : 0
Hour 88 : 0
Hour 89 : 0
Hour 90 : 0
Hour 91 : 0
Hour 92 : 0
Hour 93 : 0
Hour 94 : 0
Hour 95 : 0
Hour 96 : 0
Hour 97 : 0
Hour 98 : 0
Hour 99 : 0
Hour 100 : 0
Hour 101 : 0
Hour 102 : 0
Hour 103 : 0
Hour 104 : 0
Hour 105 : 0
Hour 106 : 0
Hour 107 : 0
Hour 108 : 0
Hour 109 : 0
Hour 110 : 0
Hour 111 : 0
Hour 112 : 0
Hour 113 : 0
Hour 114 : 0
Hour 115 : 0
Hour 116 : 0
Hour 117 : 0
Hour 118 : 0
Hour 119 : 0
Hour 120 : 0
Hour 121 : 0
Hour 122 : 0
Hour 123 : 0
Hour 124 : 0
Hour 125 : 0
Hour 126 : 0
Hour 127 : 0
Hour 128 : 0
Hour 129 : 0
Hour 130 : 0
Hour 131 : 0
Hour 132 : 0
Hour 133 : 0
Hour 134 : 0
Hour 135 : 0
Hour 136 : 0
Hour 137 : 0
Hour 138 : 0
Hour 139 : 0
Hour 140 : 0
Hour 141 : 0
Hour 142 : 0
Hour 143 : 0
Hour 144 : 0
Hour 145 : 0
Hour 146 : 0
Hour 147 : 0
Hour 148 : 0
Hour 149 : 0
Hour 150 : 0
Hour 151 : 0
Hour 152 : 0
Hour 153 : 0
Hour 154 : 0
Hour 155 : 0
Hour 156 : 0
Hour 157 : 0
Hour 158 : 0
Hour 159 : 0
Hour 160 : 0
Hour 161 : 0
Hour 162 : 0
Hour 163 : 0
Hour 164 : 0
Hour 165 : 0
Hour 166 : 0
Hour 167 : 0
Hour 168 : 0
Hour 169 : 0
Hour 170 : 0
Hour 171 : 0
Hour 172 : 0
Hour 173 : 0
Hour 174 : 0
Hour 175 : 0
Hour 176 : 0
Hour 177 : 0
Hour 178 : 0
Hour 179 : 0
Hour 180 : 0
Hour 181 : 0
Hour 182 : 0
Hour 183 : 0
Hour 184 : 0
Hour 185 : 0
Hour 186 : 0
Hour 187 : 0
Hour 188 : 0
Hour 189 : 0
Hour 190 : 0
Hour 191 : 0
Hour 192 : 0
Hour 193 : 0
Hour 194 : 0
Hour 195 : 0
Hour 196 : 0
Hour 197 : 0
Hour 198 : 0
Hour 199 : 0
Hour 200 : 0
Hour 201 : 0
Hour 202 : 0
Hour 203 : 0
Hour 204 : 0
Hour 205 : 0
Hour 206 : 0
Hour 207 : 0
Hour 208 : 0
Hour 209 : 0
Hour 210 : 0
Hour 211 : 0
Hour 212 : 0
Hour 213 : 0
Hour 214 : 0
Hour 215 : 0
Hour 216 : 0
Hour 217 : 0
Hour 218 : 0
Hour 219 : 0
Hour 220 : 0
Hour 221 : 0
Hour 222 : 0
Hour 223 : 0
Hour 224 : 0
Hour 225 : 0
Hour 226 : 0
Hour 227 : 0
Hour 228 : 0
Hour 229 : 0
Hour 230 : 0
Hour 231 : 0
Hour 232 : 0
Hour 233 : 0
Hour 234 : 0
Hour 235 : 0
Hour 236 : 0
Hour 237 : 0
Hour 238 : 0
Hour 239 : 0
Hour 240 : 0
Hour 241 : 0
Hour 242 : 0
Hour 243 : 0
Hour 244 : 0
Hour 245 : 0
Hour 246 : 0
Hour 247 : 0
Hour 248 : 0
Hour 249 : 0
Hour 250 : 0
Hour 251 : 0
Hour 252 : 0
Hour 253 : 0
Hour 254 : 0
Hour 255 : 0
Hour 256 : 0
Hour 257 : 0
Hour 258 : 0
Hour 259 : 0
Hour 260 : 0
Hour 261 : 0
Hour 262 : 0
Hour 263 : 0
Hour 264 : 0
Hour 265 : 0
Hour 266 : 0
Hour 267 : 0
Hour 268 : 0
Hour 269 : 0
Hour 270 : 0
Hour 271 : 0
Hour 272 : 0
Hour 273 : 0
Hour 274 : 0
Hour 275 : 0
Hour 276 : 0
Hour 277 : 0
Hour 278 : 0
Hour 279 : 0
Hour 280 : 0
Hour 281 : 0
Hour 282 : 0
Hour 283 : 0
Hour 284 : 0
Hour 285 : 0
Hour 286 : 0
Hour 287 : 0
Hour 288 : 0
Hour 289 : 0
Hour 290 : 0
Hour 291 : 0
Hour 0 : 2716797
Hour 1 : 2716797
Hour 2 : 2716797
Hour 3 : 2716797
Hour 4 : 2716797
Hour 5 : 2716797
Hour 6 : 2716797
Hour 7 : 2716797
Hour 8 : 2716797
Hour 9 : 2716797
Hour 10 : 2716797
Hour 11 : 2716797
Hour 12 : 2716797
Hour 13 : 2716797
Hour 14 : 2716797
Hour 15 : 2716797
Hour 16 : 2716797
Hour 17 : 2716797
Hour 18 : 2716797
Hour 19 : 2716797
Hour 20 : 2716797
Hour 21 : 2716797
Hour 22 : 2716797
Hour 23 : 2716797
Hour 24 : 2716797
Hour 25 : 2716797
Hour 26 : 2716797
Hour 27 : 2716797
Hour 28 : 2716797
Hour 29 : 2716797
Hour 30 : 2716797
Hour 31 : 2716797
Hour 32 : 2716797
Hour 33 : 2716797
Hour 34 : 2716797
Hour 35 : 2716797
Hour 36 : 2716797
Hour 37 : 2716797
Hour 38 : 2716797
Hour 39 : 2716797
Hour 40 : 2716797
Hour 41 : 2716797
Hour 42 : 2716797
Hour 43 : 2716797
Hour 44 : 2716797
Hour 45 : 2716797
Hour 46 : 2716797
Hour 47 : 2716797
Hour 48 : 2716797
Hour 49 : 2716797
Hour 50 : 2716797
Hour 51 : 2716797
Hour 52 : 2716797
Hour 53 : 2716797
Hour 54 : 2716797
Hour 55 : 2716797
Hour 56 : 2716797
Hour 57 : 2716797
Hour 58 : 2716797
Hour 59 : 2716797
Hour 60 : 2716797
Hour 61 : 2716797
Hour 62 : 2716797
Hour 63 : 2716797
Hour 64 : 2716797
Hour 65 : 2716797
Hour 66 : 2716797
Hour 67 : 2716797
Hour 68 : 2716797
Hour 69 : 2716797
Hour 70 : 2716797
Hour 71 : 2716797
Hour 72 : 2716797
Hour 73 : 2716797
Hour 74 : 2716797
Hour 75 : 2716797
Hour 76 : 2716797
Hour 77 : 2716797
Hour 78 : 2716797
Hour 79 : 2716797
Hour 80 : 2716797
Hour 81 : 2716797
Hour 82 : 2716797
Hour 83 : 2716797
Hour 84 : 2716797
Hour 85 : 2716797
Hour 86 : 2716797
Hour 87 : 2716797
Hour 88 : 2716797
Hour 89 : 2716797
Hour 90 : 2716797
Hour 91 : 2716797
Hour 92 : 2716797
Hour 93 : 2716797
Hour 94 : 2716797
Hour 95 : 2716797
Hour 96 : 2716797
Hour 97 : 2716797
Hour 98 : 2716797
Hour 99 : 2716797
Hour 100 : 2716797
Hour 101 : 2716797
Hour 102 : 2716797
Hour 103 : 2716797
Hour 104 : 2716797
Hour 105 : 2716797
Hour 106 : 2716797
Hour 107 : 2716797
Hour 108 : 2716797
Hour 109 : 2716797
Hour 110 : 2716797
Hour 111 : 2716797
Hour 112 : 2716797
Hour 113 : 2716797
Hour 114 : 2716797
Hour 115 : 2716797
Hour 116 : 2716797
Hour 117 : 2716797
Hour 118 : 2716797
Hour 119 : 2716797
Hour 120 : 2716797
Hour 121 : 2716797
Hour 122 : 2716797
Hour 123 : 2716797
Hour 124 : 2716797
Hour 125 : 2716797
Hour 126 : 2716797
Hour 127 : 2716797
Hour 128 : 2716797
Hour 129 : 2716797
Hour 130 : 2716797
Hour 131 : 2716797
Hour 132 : 2716797
Hour 133 : 2716797
Hour 134 : 2716797
Hour 135 : 2716797
Hour 136 : 2716797
Hour 137 : 2716797
Hour 138 : 2716797
Hour 139 : 2716797
Hour 140 : 2716797
Hour 141 : 2716797
Hour 142 : 2716797
Hour 143 : 2716797
Hour 144 : 2716797
Hour 145 : 2716797
Hour 146 : 2716797
Hour 147 : 2716797
Hour 148 : 2716797
Hour 149 : 2716797
Hour 150 : 2716797
Hour 151 : 2716797
Hour 152 : 2716797
Hour 153 : 2716797
Hour 154 : 2716797
Hour 155 : 2716797
Hour 156 : 2716797
Hour 157 : 2716797
Hour 158 : 2716797
Hour 159 : 2716797
Hour 160 : 2716797
Hour 161 : 2716797
Hour 162 : 2716797
Hour 163 : 2716797
Hour 164 : 2716797
Hour 165 : 2716797
Hour 166 : 2716797
Hour 167 : 2716797
Hour 168 : 2716797
Hour 169 : 2716797
Hour 170 : 2716797
Hour 171 : 2716797
Hour 172 : 2716797
Hour 173 : 2716797
Hour 174 : 2716797
Hour 175 : 2716797
Hour 176 : 2716797
Hour 177 : 2716797
Hour 178 : 2716797
Hour 179 : 2716797
Hour 180 : 2716797
Hour 181 : 2716797
Hour 182 : 2716797
Hour 183 : 2716797
Hour 184 : 2716797
Hour 185 : 2716797
Hour 186 : 2716797
Hour 187 : 2716797
Hour 188 : 2716797
Hour 189 : 2716797
Hour 190 : 2716797
Hour 191 : 2716797
Hour 192 : 2716797
Hour 193 : 2716797
Hour 194 : 2716797
Hour 195 : 2716797
Hour 196 : 2716797
Hour 197 : 2716797
Hour 198 : 2716797
Hour 199 : 2716797
Hour 200 : 2716797
Hour 201 : 2716797
Hour 202 : 2716797
Hour 203 : 2716797
Hour 204 : 2716797
Hour 205 : 2716797
Hour 206 : 2716797
Hour 207 : 2716797
Hour 208 : 2716797
Hour 209 : 2716797
Hour 210 : 2716797
Hour 211 : 2716797
Hour 212 : 2716797
Hour 213 : 2716797
Hour 214 : 2716797
Hour 215 : 2716797
Hour 216 : 2716797
Hour 217 : 2716797
Hour 218 : 2716797
Hour 219 : 2716797
Hour 220 : 2716797
Hour 221 : 2716797
Hour 222 : 2716797
Hour 223 : 2716797
Hour 224 : 2716797
Hour 225 : 2716797
Hour 226 : 2716797
Hour 227 : 2716797
Hour 228 : 2716797
Hour 229 : 2716797
Hour 230 : 2716797
Hour 231 : 2716797
Hour 232 : 2716797
Hour 233 : 2716797
Hour 234 : 2716797
Hour 235 : 2716797
Hour 236 : 2716797
Hour 237 : 2716797
Hour 238 : 2716797
Hour 239 : 2716797
Hour 240 : 2716797
Hour 241 : 2716797
Hour 242 : 2716797
Hour 243 : 2716797
Hour 244 : 2716797
Hour 245 : 2716797
Hour 246 : 2716797
Hour 247 : 2716797
Hour 248 : 2716797
Hour 249 : 2716797
Hour 250 : 2716797
Hour 251 : 2716797
Hour 252 : 2716797
Hour 253 : 2716797
Hour 254 : 2716797
Hour 255 : 2716797
Hour 256 : 2716797
Hour 257 : 2716797
Hour 258 : 2716797
Hour 259 : 2716797
Hour 260 : 2716797
Hour 261 : 2716797
Hour 262 : 2716797
Hour 263 : 2716797
Hour 264 : 2716797
Hour 265 : 2716797
Hour 266 : 2716797
Hour 267 : 2716797
Hour 268 : 2716797
Hour 269 : 2716797
Hour 270 : 2716797
Hour 271 : 2716797
Hour 272 : 2716797
Hour 273 : 2716797
Hour 274 : 2716797
Hour 275 : 2716797
Hour 276 : 2716797
Hour 277 : 2716797
Hour 278 : 2716797
Hour 279 : 2716797
Hour 280 : 2716797
Hour 281 : 2716797
Hour 282 : 2716797
Hour 283 : 2716797
Hour 284 : 2716797
Hour 285 : 2716797
Hour 286 : 2716797
Hour 287 : 2716797
Hour 288 : 2716797
Hour 289 : 2716797
Hour 290 : 2716797
Hour 291 : 2716797
Hour 292 : 2716797
Hour 293 : 2716797
Hour 294 : 2716797
Hour 295 : 2716797
Hour 296 : 2716797
Hour 297 : 2716797
Hour 298 : 2716797
Hour 299 : 2716797
Hour 300 : 2716797
Hour 301 : 2716797
Hour 302 : 2716797
Hour 303 : 2716797
Hour 304 : 2716797
Hour 305 : 2716797
Hour 306 : 2716797
Hour 307 : 2716797
Hour 308 : 2716797
Hour 309 : 2716797
Hour 310 : 2716797
Hour 311 : 2716797
Hour 312 : 2716797
Hour 313 : 2716797
Hour 314 : 2716797
Hour 315 : 2716797
Hour 316 : 2716797
Hour 317 : 2716797
Hour 318 : 2716797
Hour 319 : 2716797
Hour 320 : 2716797
Hour 321 : 2716797
Hour 322 : 2716797
Hour 323 : 2716797
Hour 324 : 2716797
Hour 325 : 2716797
Hour 326 : 2716797
Hour 327 : 2716797
Hour 328 : 2716797
Hour 329 : 2716797
Hour 330 : 2716797
Hour 331 : 2716797
Hour 332 : 2716797
Hour 333 : 2716797
Hour 334 : 2716797
Hour 335 : 2716797
Hour 336 : 2716797
Hour 337 : 2716797
Hour 338 : 2716797
Hour 339 : 2716797
Hour 340 : 2716797
Hour 341 : 2716797
Hour 342 : 2716797
Hour 343 : 2716797
Hour 344 : 2716797
Hour 345 : 2716797
Hour 346 : 2716797
Hour 347 : 2716797
Hour 348 : 2716797
Hour 349 : 2716797
Hour 350 : 2716797
Hour 351 : 2716797
Hour 352 : 2716797
Hour 353 : 2716797
Hour 354 : 2716797
Hour 355 : 2716797
Hour 356 : 2716797
Hour 357 : 2716797
Hour 358 : 2716797
Hour 359 : 2716797
Hour 360 : 2716797
Hour 361 : 2716797
Hour 362 : 2716797
Hour 363 : 2716797
Hour 364 : 2716797
Hour 365 : 2716797
Hour 366 : 2716797
Hour 367 : 2716797
Hour 368 : 2716797
Hour 369 : 2716797
Hour 370 : 2716797
Hour 371 : 2716797
Hour 372 : 2716797
Hour 373 : 2716797
Hour 374 : 2716797
Hour 375 : 2716797
Hour 376 : 2716797
Hour 377 : 2716797
Hour 378 : 2716797
Hour 379 : 2716797
Hour 380 : 2716797
Hour 381 : 2716797
Hour 382 : 2716797
Hour 383 : 2716797
Hour 384 : 2716797
Hour 385 : 2716797
Hour 386 : 2716797
Hour 387 : 2716797
Hour 388 : 2716797
Hour 389 : 2716797
Hour 390 : 2716797
Hour 391 : 2716797
Hour 392 : 2716797
Hour 393 : 2716797
Hour 394 : 2716797
Hour 395 : 2716797
Hour 396 : 2716797
Hour 397 : 2716797
Hour 398 : 2716797
Hour 399 : 2716797
Hour 400 : 2716797
Hour 401 : 2716797
Hour 402 : 2716797
Hour 403 : 2716797
Hour 404 : 2716797
Hour 405 : 2716797
Hour 406 : 2716797
Hour 407 : 2716797
Hour 408 : 2716797
Hour 409 : 2716797
Hour 410 : 2716797
Hour 411 : 2716797
Hour 412 : 2716797
Hour 413 : 2716797
Hour 414 : 2716797
Hour 415 : 2716797
Hour 416 : 2716797
Hour 417 : 2716797
Hour 418 : 2716797
Hour 419 : 2716797
Hour 420 : 2716797
Hour 421 : 2716797
Hour 422 : 2716797
Hour 423 : 2716797
Hour 424 : 2716797
Hour 425 : 2716797
Hour 426 : 2716797
Hour 427 : 2716797
Hour 428 : 2716797
Hour 429 : 2716797
Hour 430 : 2716797
Hour 431 : 2716797
Hour 432 : 2716797
Hour 433 : 2716797
Hour 434 : 2716797
Hour 435 : 2716797
Hour 436 : 2716797
Hour 437 : 2716797
Hour 438 : 2716797
Hour 439 : 2716797
Hour 440 : 2716797
Hour 441 : 2716797
Hour 442 : 2716797
Hour 443 : 2716797
Hour 444 : 2716797
Hour 445 : 2716797
Hour 446 : 2716797
Hour 447 : 2716797
Hour 448 : 2716797
Hour 449 : 2716797
Hour 450 : 2716797
Hour 451 : 2716797
Hour 452 : 2716797
Hour 453 : 2716797
Hour 454 : 2716797
Hour 455 : 2716797
Hour 456 : 2716797
Hour 457 : 2716797
Hour 458 : 2716797
Hour 459 : 2716797
Hour 460 : 2716797
Hour 461 : 2716797
Hour 462 : 2716797
Hour 463 : 2716797
Hour 464 : 2716797
Hour 0 : 1413833
Hour 1 : 1413833
Hour 2 : 1413833
Hour 3 : 1413833
Hour 4 : 1413833
Hour 5 : 1413833
Hour 6 : 1413833
Hour 7 : 1413833
Hour 8 : 1413833
Hour 9 : 1413833
Hour 10 : 1413833
Hour 11 : 1413833
Hour 12 : 1413833
Hour 13 : 1413833
Hour 14 : 1413833
Hour 15 : 1413833
Hour 16 : 1413833
Hour 17 : 1413833
Hour 18 : 1413833
Hour 19 : 1413833
Hour 20 : 1413833
Hour 21 : 1413833
Hour 22 : 1413833
Hour 23 : 1413833
Hour 24 : 1413833
Hour 25 : 1413833
Hour 26 : 1413833
Hour 27 : 1413833
Hour 28 : 1413833
Hour 29 : 1413833
Hour 30 : 1413833
Hour 31 : 1413833
Hour 32 : 1413833
Hour 33 : 1413833
Hour 34 : 1413833
Hour 35 : 1413833
Hour 36 : 1413833
Hour 37 : 1413833
Hour 38 : 1413833
Hour 39 : 1413833
Hour 40 : 1413833
Hour 41 : 1413833
Hour 42 : 1413833
Hour 43 : 1413833
Hour 44 : 1413833
Hour 45 : 1413833
Hour 46 : 1413833
Hour 47 : 1413833
Hour 48 : 1413833
Hour 49 : 1413833
Hour 50 : 1413833
Hour 51 : 1413833
Hour 52 : 1413833
Hour 53 : 1413833
Hour 54 : 1413833
Hour 55 : 1413833
Hour 56 : 1413833
Hour 57 : 1413833
Hour 58 : 1413833
Hour 59 : 1413833
Hour 60 : 1413833
Hour 61 : 1413833
Hour 62 : 1413833
Hour 63 : 1413833
Hour 64 : 1413833
Hour 65 : 1413833
Hour 66 : 1413833
Hour 67 : 1413833
Hour 68 : 1413833
Hour 69 : 1413833
Hour 70 : 1413833
Hour 71 : 1413833
Hour 72 : 1413833
Hour 73 : 1413833
Hour 74 : 1413833
Hour 75 : 1413833
Hour 76 : 1413833
Hour 77 : 1413833
Hour 78 : 1413833
Hour 79 : 1413833
Hour 80 : 1413833
Hour 81 : 1413833
Hour 82 : 1413833
Hour 83 : 1413833
Hour 84 : 1413833
Hour 85 : 1413833
Hour 86 : 1413833
Hour 87 : 1413833
Hour 88 : 1413833
Hour 89 : 1413833
Hour 90 : 1413833
Hour 91 : 1413833
Hour 92 : 1413833
Hour 93 : 1413833
Hour 94 : 1413833
Hour 95 : 1413833
Hour 96 : 1413833
Hour 97 : 1413833
Hour 98 : 1413833
Hour 99 : 1413833
Hour 100 : 1413833
Hour 101 : 1413833
Hour 102 : 1413833
Hour 103 : 1413833
Hour 104 : 1413833
Hour 105 : 1413833
Hour 106 : 1413833
Hour 107 : 1413833
Hour 108 : 1413833
Hour 109 : 1413833
Hour 110 : 1413833
Hour 111 : 1413833
Hour 112 : 1413833
Hour 113 : 1413833
Hour 114 : 1413833
Hour 115 : 1413833
Hour 116 : 1413833
Hour 117 : 1413833
Hour 118 : 1413833
Hour 119 : 1413833
Hour 120 : 1413833
Hour 121 : 1413833
Hour 122 : 1413833
Hour 123 : 1413833
Hour 124 : 1413833
Hour 125 : 1413833
Hour 126 : 1413833
Hour 127 : 1413833
Hour 128 : 1413833
Hour 129 : 1413833
Hour 130 : 1413833
Hour 131 : 1413833
Hour 132 : 1413833
Hour 133 : 1413833
Hour 134 : 1413833
Hour 135 : 1413833
Hour 136 : 1413833
Hour 137 : 1413833
Hour 138 : 1413833
Hour 139 : 1413833
Hour 140 : 1413833
Hour 141 : 1413833
Hour 142 : 1413833
Hour 143 : 1413833
Hour 144 : 1413833
Hour 145 : 1413833
Hour 146 : 1413833
Hour 147 : 1413833
Hour 148 : 1413833
Hour 149 : 1413833
Hour 150 : 1413833
